Copyright 1986-2022 Xilinx, Inc. All Rights Reserved. Copyright 2022-2024 Advanced Micro Devices, Inc. All Rights Reserved.
---------------------------------------------------------------------------------------------------------------------------------------------
| Tool Version : Vivado v.2024.1 (win64) Build 5076996 Wed May 22 18:37:14 MDT 2024
| Date         : Wed Jan 21 15:34:49 2026
| Host         : WFXB07B250A246E running 64-bit major release  (build 9200)
| Command      : report_control_sets -verbose -file block_1_wrapper_control_sets_placed.rpt
| Design       : block_1_wrapper
| Device       : xczu3eg
---------------------------------------------------------------------------------------------------------------------------------------------

Control Set Information

Table of Contents
-----------------
1. Summary
2. Histogram
3. Flip-Flop Distribution
4. Detailed Control Set Information

1. Summary
----------

+----------------------------------------------------------+-------+
|                          Status                          | Count |
+----------------------------------------------------------+-------+
| Total control sets                                       |    33 |
|    Minimum number of control sets                        |    33 |
|    Addition due to synthesis replication                 |     0 |
|    Addition due to physical synthesis replication        |     0 |
| Unused register locations in slices containing registers |    39 |
+----------------------------------------------------------+-------+
* Control sets can be merged at opt_design using control_set_merge or merge_equivalent_drivers
** Run report_qor_suggestions for automated merging and remapping suggestions


2. Histogram
------------

+--------------------+-------+
|       Fanout       | Count |
+--------------------+-------+
| Total control sets |    33 |
| >= 0 to < 4        |     2 |
| >= 4 to < 6        |     6 |
| >= 6 to < 8        |     6 |
| >= 8 to < 10       |     1 |
| >= 10 to < 12      |     0 |
| >= 12 to < 14      |     0 |
| >= 14 to < 16      |     0 |
| >= 16              |    18 |
+--------------------+-------+
* Control sets can be remapped at either synth_design or opt_design


3. Flip-Flop Distribution
-------------------------

+--------------+-----------------------+------------------------+-----------------+--------------+
| Clock Enable | Synchronous Set/Reset | Asynchronous Set/Reset | Total Registers | Total Slices |
+--------------+-----------------------+------------------------+-----------------+--------------+
| No           | No                    | No                     |             121 |           31 |
| No           | No                    | Yes                    |               0 |            0 |
| No           | Yes                   | No                     |              58 |           15 |
| Yes          | No                    | No                     |             366 |           68 |
| Yes          | No                    | Yes                    |               0 |            0 |
| Yes          | Yes                   | No                     |              92 |           26 |
+--------------+-----------------------+------------------------+-----------------+--------------+


4. Detailed Control Set Information
-----------------------------------

+-------------------------------------------+----------------------------------------------------------------------------------------------------------------------------------------------------+-----------------------------------------------------------------------------------------------------------------------------------+------------------+----------------+--------------+
|                Clock Signal               |                                                                    Enable Signal                                                                   |                                                          Set/Reset Signal                                                         | Slice Load Count | Bel Load Count | Bels / Slice |
+-------------------------------------------+----------------------------------------------------------------------------------------------------------------------------------------------------+-----------------------------------------------------------------------------------------------------------------------------------+------------------+----------------+--------------+
|  block_1_i/zynq_ultra_ps_e_0/inst/pl_clk0 | block_1_i/ps8_0_axi_periph/s00_couplers/auto_pc/inst/gen_axilite.gen_b2s_conv.axilite_b2s/WR.b_channel_0/bid_fifo_0/cnt_read[1]_i_1_n_0            | block_1_i/ps8_0_axi_periph/s00_couplers/auto_pc/inst/gen_axilite.gen_b2s_conv.axilite_b2s/areset_d1                               |                1 |              2 |         2.00 |
|  block_1_i/zynq_ultra_ps_e_0/inst/pl_clk0 | block_1_i/ps8_0_axi_periph/s00_couplers/auto_pc/inst/gen_axilite.gen_b2s_conv.axilite_b2s/WR.b_channel_0/bid_fifo_0/E[0]                           | block_1_i/ps8_0_axi_periph/s00_couplers/auto_pc/inst/gen_axilite.gen_b2s_conv.axilite_b2s/areset_d1                               |                1 |              2 |         2.00 |
|  block_1_i/zynq_ultra_ps_e_0/inst/pl_clk0 |                                                                                                                                                    | block_1_i/proc_sys_reset_0/U0/EXT_LPF/lpf_int                                                                                     |                2 |              4 |         2.00 |
|  block_1_i/zynq_ultra_ps_e_0/inst/pl_clk0 |                                                                                                                                                    | block_1_i/ps8_0_axi_periph/s00_couplers/auto_pc/inst/gen_axilite.gen_b2s_conv.axilite_b2s/SI_REG/aw.aw_pipe/aresetn_d_reg_n_0_[0] |                2 |              4 |         2.00 |
|  block_1_i/zynq_ultra_ps_e_0/inst/pl_clk0 |                                                                                                                                                    | block_1_i/ps8_0_axi_periph/s00_couplers/auto_pc/inst/gen_axilite.gen_b2s_conv.axilite_b2s/SI_REG/aw.aw_pipe/aresetn_d_reg_n_0_[1] |                2 |              4 |         2.00 |
|  block_1_i/zynq_ultra_ps_e_0/inst/pl_clk0 | block_1_i/scalar_add/inst/control_s_axi_U/waddr                                                                                                    |                                                                                                                                   |                1 |              4 |         4.00 |
|  block_1_i/zynq_ultra_ps_e_0/inst/pl_clk0 | block_1_i/ps8_0_axi_periph/s00_couplers/auto_pc/inst/gen_axilite.gen_b2s_conv.axilite_b2s/RD.r_channel_0/transaction_fifo_0/cnt_read[4]_i_1__0_n_0 | block_1_i/ps8_0_axi_periph/s00_couplers/auto_pc/inst/gen_axilite.gen_b2s_conv.axilite_b2s/areset_d1                               |                2 |              5 |         2.50 |
|  block_1_i/zynq_ultra_ps_e_0/inst/pl_clk0 | block_1_i/ps8_0_axi_periph/s00_couplers/auto_pc/inst/gen_axilite.gen_b2s_conv.axilite_b2s/RD.r_channel_0/rd_data_fifo_0/cnt_read[4]_i_1_n_0        | block_1_i/ps8_0_axi_periph/s00_couplers/auto_pc/inst/gen_axilite.gen_b2s_conv.axilite_b2s/areset_d1                               |                2 |              5 |         2.50 |
|  block_1_i/zynq_ultra_ps_e_0/inst/pl_clk0 |                                                                                                                                                    | block_1_i/ps8_0_axi_periph/s00_couplers/auto_pc/inst/gen_axilite.gen_b2s_conv.axilite_b2s/areset_d1                               |                4 |              6 |         1.50 |
|  block_1_i/zynq_ultra_ps_e_0/inst/pl_clk0 | block_1_i/proc_sys_reset_0/U0/SEQ/seq_cnt_en                                                                                                       | block_1_i/proc_sys_reset_0/U0/SEQ/seq_clr                                                                                         |                1 |              6 |         6.00 |
|  block_1_i/zynq_ultra_ps_e_0/inst/pl_clk0 | block_1_i/ps8_0_axi_periph/s00_couplers/auto_pc/inst/gen_axilite.gen_b2s_conv.axilite_b2s/WR.aw_channel_0/aw_cmd_fsm_0/sel_first_reg_1[0]          |                                                                                                                                   |                3 |              6 |         2.00 |
|  block_1_i/zynq_ultra_ps_e_0/inst/pl_clk0 | block_1_i/ps8_0_axi_periph/s00_couplers/auto_pc/inst/gen_axilite.gen_b2s_conv.axilite_b2s/WR.aw_channel_0/aw_cmd_fsm_0/E[0]                        |                                                                                                                                   |                3 |              6 |         2.00 |
|  block_1_i/zynq_ultra_ps_e_0/inst/pl_clk0 | block_1_i/ps8_0_axi_periph/s00_couplers/auto_pc/inst/gen_axilite.gen_b2s_conv.axilite_b2s/RD.ar_channel_0/ar_cmd_fsm_0/E[0]                        |                                                                                                                                   |                4 |              6 |         1.50 |
|  block_1_i/zynq_ultra_ps_e_0/inst/pl_clk0 | block_1_i/ps8_0_axi_periph/s00_couplers/auto_pc/inst/gen_axilite.gen_b2s_conv.axilite_b2s/RD.ar_channel_0/ar_cmd_fsm_0/sel_first_reg[0]            |                                                                                                                                   |                3 |              6 |         2.00 |
|  block_1_i/zynq_ultra_ps_e_0/inst/pl_clk0 | block_1_i/ps8_0_axi_periph/s00_couplers/auto_pc/inst/gen_axilite.gen_b2s_conv.axilite_b2s/WR.b_channel_0/mhandshake_r                              | block_1_i/ps8_0_axi_periph/s00_couplers/auto_pc/inst/gen_axilite.gen_b2s_conv.axilite_b2s/WR.b_channel_0/bid_fifo_0/SR[0]         |                2 |              8 |         4.00 |
|  block_1_i/zynq_ultra_ps_e_0/inst/pl_clk0 | block_1_i/ps8_0_axi_periph/s00_couplers/auto_pc/inst/gen_axilite.gen_b2s_conv.axilite_b2s/SI_REG/b.b_pipe/p_1_in                                   |                                                                                                                                   |                3 |             16 |         5.33 |
|  block_1_i/zynq_ultra_ps_e_0/inst/pl_clk0 | block_1_i/ps8_0_axi_periph/s00_couplers/auto_pc/inst/gen_axilite.gen_b2s_conv.axilite_b2s/SI_REG/b.b_pipe/s_ready_i_reg_0                          |                                                                                                                                   |                3 |             16 |         5.33 |
|  block_1_i/zynq_ultra_ps_e_0/inst/pl_clk0 | block_1_i/ps8_0_axi_periph/s00_couplers/auto_pc/inst/gen_axilite.gen_b2s_conv.axilite_b2s/RD.r_channel_0/r_push_r                                  |                                                                                                                                   |                3 |             17 |         5.67 |
|  block_1_i/zynq_ultra_ps_e_0/inst/pl_clk0 | block_1_i/ps8_0_axi_periph/s00_couplers/auto_pc/inst/gen_axilite.gen_b2s_conv.axilite_b2s/WR.aw_channel_0/aw_cmd_fsm_0/m_valid_i_reg[0]            |                                                                                                                                   |                8 |             18 |         2.25 |
|  block_1_i/zynq_ultra_ps_e_0/inst/pl_clk0 | block_1_i/ps8_0_axi_periph/s00_couplers/auto_pc/inst/gen_axilite.gen_b2s_conv.axilite_b2s/RD.ar_channel_0/ar_cmd_fsm_0/m_valid_i_reg[0]            |                                                                                                                                   |                8 |             18 |         2.25 |
|  block_1_i/zynq_ultra_ps_e_0/inst/pl_clk0 | block_1_i/ps8_0_axi_periph/s00_couplers/auto_pc/inst/gen_axilite.gen_b2s_conv.axilite_b2s/WR.aw_channel_0/aw_cmd_fsm_0/cnt_read_reg[0]             |                                                                                                                                   |                2 |             24 |        12.00 |
|  block_1_i/zynq_ultra_ps_e_0/inst/pl_clk0 | block_1_i/ps8_0_axi_periph/s00_couplers/auto_pc/inst/gen_axilite.gen_b2s_conv.axilite_b2s/RD.r_channel_0/rd_data_fifo_0/wr_en0                     |                                                                                                                                   |                5 |             32 |         6.40 |
|  block_1_i/zynq_ultra_ps_e_0/inst/pl_clk0 | block_1_i/scalar_add/inst/control_s_axi_U/ar_hs                                                                                                    |                                                                                                                                   |               18 |             32 |         1.78 |
|  block_1_i/zynq_ultra_ps_e_0/inst/pl_clk0 | block_1_i/scalar_add/inst/control_s_axi_U/int_a                                                                                                    | block_1_i/proc_sys_reset_0/U0/peripheral_aresetn[0]                                                                               |               18 |             32 |         1.78 |
|  block_1_i/zynq_ultra_ps_e_0/inst/pl_clk0 | block_1_i/scalar_add/inst/control_s_axi_U/int_b                                                                                                    | block_1_i/proc_sys_reset_0/U0/peripheral_aresetn[0]                                                                               |               18 |             32 |         1.78 |
|  block_1_i/zynq_ultra_ps_e_0/inst/pl_clk0 | block_1_i/ps8_0_axi_periph/s00_couplers/auto_pc/inst/gen_axilite.gen_b2s_conv.axilite_b2s/RD.ar_channel_0/ar_cmd_fsm_0/m_valid_i_reg_0[0]          |                                                                                                                                   |                9 |             35 |         3.89 |
|  block_1_i/zynq_ultra_ps_e_0/inst/pl_clk0 | block_1_i/ps8_0_axi_periph/s00_couplers/auto_pc/inst/gen_axilite.gen_b2s_conv.axilite_b2s/WR.aw_channel_0/aw_cmd_fsm_0/m_valid_i_reg_0[0]          |                                                                                                                                   |                9 |             35 |         3.89 |
|  block_1_i/zynq_ultra_ps_e_0/inst/pl_clk0 | block_1_i/ps8_0_axi_periph/s00_couplers/auto_pc/inst/gen_axilite.gen_b2s_conv.axilite_b2s/SI_REG/ar.ar_pipe/s_ready_i_reg_0                        |                                                                                                                                   |                9 |             35 |         3.89 |
|  block_1_i/zynq_ultra_ps_e_0/inst/pl_clk0 | block_1_i/ps8_0_axi_periph/s00_couplers/auto_pc/inst/gen_axilite.gen_b2s_conv.axilite_b2s/SI_REG/aw.aw_pipe/s_ready_i_reg_0                        |                                                                                                                                   |               12 |             35 |         2.92 |
|  block_1_i/zynq_ultra_ps_e_0/inst/pl_clk0 |                                                                                                                                                    | block_1_i/proc_sys_reset_0/U0/peripheral_aresetn[0]                                                                               |                8 |             40 |         5.00 |
|  block_1_i/zynq_ultra_ps_e_0/inst/pl_clk0 | block_1_i/ps8_0_axi_periph/s00_couplers/auto_pc/inst/gen_axilite.gen_b2s_conv.axilite_b2s/SI_REG/r.r_pipe/p_1_in                                   |                                                                                                                                   |                9 |             49 |         5.44 |
|  block_1_i/zynq_ultra_ps_e_0/inst/pl_clk0 | block_1_i/ps8_0_axi_periph/s00_couplers/auto_pc/inst/gen_axilite.gen_b2s_conv.axilite_b2s/SI_REG/r.r_pipe/si_rs_rready                             |                                                                                                                                   |                9 |             49 |         5.44 |
|  block_1_i/zynq_ultra_ps_e_0/inst/pl_clk0 |                                                                                                                                                    |                                                                                                                                   |               31 |            122 |         3.94 |
+-------------------------------------------+----------------------------------------------------------------------------------------------------------------------------------------------------+-----------------------------------------------------------------------------------------------------------------------------------+------------------+----------------+--------------+


