

================================================================
== Synthesis Summary Report of 'add'
================================================================
+ General Information: 
    * Date:           Wed Jan 21 15:17:08 2026
    * Version:        2024.1 (Build 5069499 on May 21 2024)
    * Project:        adder
    * Solution:       hls (Vivado IP Flow Target)
    * Product family: zynquplus
    * Target device:  xczu3eg-sfvc784-2-e
    

+ Performance & Resource Estimates: 
    
    PS: '+' for module; 'o' for loop; '*' for dataflow
    +--------+------+------+---------+--------+----------+---------+------+----------+------+----+-----------+-----------+-----+
    | Modules| Issue|      | Latency | Latency| Iteration|         | Trip |          |      |    |           |           |     |
    | & Loops| Type | Slack| (cycles)|  (ns)  |  Latency | Interval| Count| Pipelined| BRAM | DSP|     FF    |    LUT    | URAM|
    +--------+------+------+---------+--------+----------+---------+------+----------+------+----+-----------+-----------+-----+
    |+ add   |     -|  4.28|        0|   0.000|         -|        1|     -|        no|     -|   -|  144 (~0%)|  271 (~0%)|    -|
    +--------+------+------+---------+--------+----------+---------+------+----------+------+----+-----------+-----------+-----+


================================================================
== HW Interfaces
================================================================
* S_AXILITE Interfaces
+---------------+------------+---------------+--------+----------+
| Interface     | Data Width | Address Width | Offset | Register |
+---------------+------------+---------------+--------+----------+
| s_axi_control | 32         | 6             | 16     | 0        |
+---------------+------------+---------------+--------+----------+

* S_AXILITE Registers
+---------------+----------+--------+-------+--------+---------------------+------------+
| Interface     | Register | Offset | Width | Access | Description         | Bit Fields |
+---------------+----------+--------+-------+--------+---------------------+------------+
| s_axi_control | a        | 0x10   | 32    | W      | Data signal of a    |            |
| s_axi_control | b        | 0x18   | 32    | W      | Data signal of b    |            |
| s_axi_control | c        | 0x20   | 32    | R      | Data signal of c    |            |
| s_axi_control | c_ctrl   | 0x24   | 32    | R      | Control signal of c | 0=c_ap_vld |
+---------------+----------+--------+-------+--------+---------------------+------------+

* TOP LEVEL CONTROL
+-----------+--------------+----------+
| Interface | Type         | Ports    |
+-----------+--------------+----------+
| ap_clk    | clock        | ap_clk   |
| ap_rst_n  | reset        | ap_rst_n |
| ap_ctrl   | ap_ctrl_none |          |
+-----------+--------------+----------+


================================================================
== SW I/O Information
================================================================
* Top Function Arguments
+----------+-----------+----------+
| Argument | Direction | Datatype |
+----------+-----------+----------+
| a        | in        | int      |
| b        | in        | int      |
| c        | out       | int&     |
+----------+-----------+----------+

* SW-to-HW Mapping
+----------+---------------+----------+----------------------------------+
| Argument | HW Interface  | HW Type  | HW Info                          |
+----------+---------------+----------+----------------------------------+
| a        | s_axi_control | register | name=a offset=0x10 range=32      |
| b        | s_axi_control | register | name=b offset=0x18 range=32      |
| c        | s_axi_control | register | name=c offset=0x20 range=32      |
| c        | s_axi_control | register | name=c_ctrl offset=0x24 range=32 |
+----------+---------------+----------+----------------------------------+


================================================================
== Bind Op Report
================================================================
+-------+-----+--------+----------+-----+--------+---------+
| Name  | DSP | Pragma | Variable | Op  | Impl   | Latency |
+-------+-----+--------+----------+-----+--------+---------+
| + add | 0   |        |          |     |        |         |
|   c   |     |        | add_ln7  | add | fabric | 0       |
+-------+-----+--------+----------+-----+--------+---------+


================================================================
== Storage Report
================================================================
+-------------------+-----------+-----------+------+------+--------+----------+------+---------+------------------+
| Name              | Usage     | Type      | BRAM | URAM | Pragma | Variable | Impl | Latency | Bitwidth, Depth, |
|                   |           |           |      |      |        |          |      |         | Banks            |
+-------------------+-----------+-----------+------+------+--------+----------+------+---------+------------------+
| + add             |           |           | 0    | 0    |        |          |      |         |                  |
|   control_s_axi_U | interface | s_axilite |      |      |        |          |      |         |                  |
+-------------------+-----------+-----------+------+------+--------+----------+------+---------+------------------+


================================================================
== Pragma Report
================================================================
* Valid Pragma Syntax
+-----------+--------------------------+----------------------------+
| Type      | Options                  | Location                   |
+-----------+--------------------------+----------------------------+
| interface | ap_ctrl_none port=return | adder.cpp:2 in add, return |
| interface | s_axilite port=a         | adder.cpp:3 in add, a      |
| interface | s_axilite port=b         | adder.cpp:4 in add, b      |
| interface | s_axilite port=c         | adder.cpp:5 in add, c      |
+-----------+--------------------------+----------------------------+


